{
  "C:\\Users\\User\\Desktop\\TP7\\src\\ventas\\ventas.js": {
    "path": "C:\\Users\\User\\Desktop\\TP7\\src\\ventas\\ventas.js",
    "statementMap": {
      "0": {
        "start": { "line": 3, "column": 4 },
        "end": { "line": 7, "column": 6 }
      },
      "1": {
        "start": { "line": 11, "column": 4 },
        "end": { "line": 13, "column": 5 }
      },
      "2": {
        "start": { "line": 12, "column": 8 },
        "end": { "line": 12, "column": 68 }
      },
      "3": {
        "start": { "line": 14, "column": 4 },
        "end": { "line": 14, "column": 40 }
      },
      "4": {
        "start": { "line": 17, "column": 0 },
        "end": { "line": 17, "column": 47 }
      }
    },
    "fnMap": {
      "0": {
        "name": "crearVenta",
        "decl": {
          "start": { "line": 2, "column": 9 },
          "end": { "line": 2, "column": 19 }
        },
        "loc": {
          "start": { "line": 2, "column": 37 },
          "end": { "line": 8, "column": 1 }
        },
        "line": 2
      },
      "1": {
        "name": "cancelarVenta",
        "decl": {
          "start": { "line": 10, "column": 9 },
          "end": { "line": 10, "column": 22 }
        },
        "loc": {
          "start": { "line": 10, "column": 46 },
          "end": { "line": 15, "column": 1 }
        },
        "line": 10
      }
    },
    "branchMap": {
      "0": {
        "loc": {
          "start": { "line": 6, "column": 16 },
          "end": { "line": 6, "column": 42 }
        },
        "type": "binary-expr",
        "locations": [
          {
            "start": { "line": 6, "column": 16 },
            "end": { "line": 6, "column": 22 }
          },
          {
            "start": { "line": 6, "column": 26 },
            "end": { "line": 6, "column": 42 }
          }
        ],
        "line": 6
      },
      "1": {
        "loc": {
          "start": { "line": 11, "column": 4 },
          "end": { "line": 13, "column": 5 }
        },
        "type": "if",
        "locations": [
          {
            "start": { "line": 11, "column": 4 },
            "end": { "line": 13, "column": 5 }
          },
          { "start": {}, "end": {} }
        ],
        "line": 11
      }
    },
    "s": { "0": 3, "1": 3, "2": 2, "3": 1, "4": 2 },
    "f": { "0": 3, "1": 3 },
    "b": { "0": [3, 1], "1": [2, 1] },
    "_coverageSchema": "1a1c01bbd47fc00a2c39e90264f33305004495a9",
    "hash": "8ac817185cd375f8741631b8cb42d50618a628fc"
  }
}
